#
# A fatal error has been detected by the Java Runtime Environment:
#
#  Internal Error (javaClasses.cpp:127), pid=5224, tid=5280
#  fatal error: Invalid layout of preloaded class
#
# JRE version:  (8.0_40-b26) (build )
# Java VM: Java HotSpot(TM) 64-Bit Server VM (25.40-b25 mixed mode windows-amd64 compressed oops)
# Failed to write core dump. Minidumps are not enabled by default on client versions of Windows
#
# If you would like to submit a bug report, please visit:
#   http://bugreport.java.com/bugreport/crash.jsp
#

---------------  T H R E A D  ---------------

Current thread (0x000000000210f000):  JavaThread "Unknown thread" [_thread_in_vm, id=5280, stack(0x0000000002340000,0x0000000002440000)]

Stack: [0x0000000002340000,0x0000000002440000]
Native frames: (J=compiled Java code, j=interpreted, Vv=VM code, C=native code)
V  [jvm.dll+0x32b47a]
V  [jvm.dll+0x2797f3]
V  [jvm.dll+0x27a489]
V  [jvm.dll+0x271726]
V  [jvm.dll+0x67fd3]
V  [jvm.dll+0x680c3]
V  [jvm.dll+0x7d63a]
V  [jvm.dll+0x7d9a6]
V  [jvm.dll+0xf2077]
V  [jvm.dll+0xf2406]
V  [jvm.dll+0x20f107]
V  [jvm.dll+0x240d9a]
V  [jvm.dll+0x15b941]
C  [javaw.exe+0x217e]
C  [javaw.exe+0xcd17]
C  [javaw.exe+0xcdab]
C  [kernel32.dll+0x1f56d]
C  [ntdll.dll+0x33281]


---------------  P R O C E S S  ---------------

Java Threads: ( => current thread )

Other Threads:

=>0x000000000210f000 (exited) JavaThread "Unknown thread" [_thread_in_vm, id=5280, stack(0x0000000002340000,0x0000000002440000)]

VM state:not at safepoint (not fully initialized)

VM Mutex/Monitor currently owned by a thread: None

GC Heap History (0 events):
No events

Deoptimization events (0 events):
No events

Internal exceptions (0 events):
No events

Events (10 events):
Event: 0.024 loading class java/lang/CharSequence done
Event: 0.024 loading class java/lang/String done
Event: 0.024 loading class java/lang/Class
Event: 0.024 loading class java/lang/reflect/AnnotatedElement
Event: 0.024 loading class java/lang/reflect/AnnotatedElement done
Event: 0.024 loading class java/lang/reflect/GenericDeclaration
Event: 0.024 loading class java/lang/reflect/GenericDeclaration done
Event: 0.024 loading class java/lang/reflect/Type
Event: 0.024 loading class java/lang/reflect/Type done
Event: 0.024 loading class java/lang/Class done


Dynamic libraries:
0x000000013fe50000 - 0x000000013fe87000 	C:\Program Files\Java\jre1.8.0_40\bin\javaw.exe
0x0000000077530000 - 0x00000000776db000 	C:\Windows\SYSTEM32\ntdll.dll
0x0000000077410000 - 0x000000007752f000 	C:\Windows\system32\kernel32.dll
0x000007fefd680000 - 0x000007fefd6eb000 	C:\Windows\system32\KERNELBASE.dll
0x000007fefea60000 - 0x000007fefeb3b000 	C:\Windows\system32\ADVAPI32.dll
0x000007fefe9c0000 - 0x000007fefea5f000 	C:\Windows\system32\msvcrt.dll
0x000007fefe910000 - 0x000007fefe92f000 	C:\Windows\SYSTEM32\sechost.dll
0x000007fefedc0000 - 0x000007fefeeee000 	C:\Windows\system32\RPCRT4.dll
0x0000000077310000 - 0x000000007740a000 	C:\Windows\system32\USER32.dll
0x000007feff470000 - 0x000007feff4d7000 	C:\Windows\system32\GDI32.dll
0x000007fefe9b0000 - 0x000007fefe9be000 	C:\Windows\system32\LPK.dll
0x000007feff020000 - 0x000007feff0ea000 	C:\Windows\system32\USP10.dll
0x000007fefbd00000 - 0x000007fefbef4000 	C:\Windows\WinSxS\amd64_microsoft.windows.common-controls_6595b64144ccf1df_6.0.7600.16385_none_fa645303170382f6\COMCTL32.dll
0x000007feff7c0000 - 0x000007feff831000 	C:\Windows\system32\SHLWAPI.dll
0x000007feff4e0000 - 0x000007feff50e000 	C:\Windows\system32\IMM32.DLL
0x000007fefe5f0000 - 0x000007fefe6f9000 	C:\Windows\system32\MSCTF.dll
0x0000000065f70000 - 0x0000000066042000 	C:\Program Files\Java\jre1.8.0_40\bin\msvcr100.dll
0x0000000061380000 - 0x0000000061c03000 	C:\Program Files\Java\jre1.8.0_40\bin\server\jvm.dll
0x000007fef78a0000 - 0x000007fef78a9000 	C:\Windows\system32\WSOCK32.dll
0x000007feff0f0000 - 0x000007feff13d000 	C:\Windows\system32\WS2_32.dll
0x000007feff160000 - 0x000007feff168000 	C:\Windows\system32\NSI.dll
0x000007fefb0f0000 - 0x000007fefb12b000 	C:\Windows\system32\WINMM.dll
0x000007fefc620000 - 0x000007fefc62c000 	C:\Windows\system32\VERSION.dll
0x00000000776f0000 - 0x00000000776f7000 	C:\Windows\system32\PSAPI.DLL
0x0000000064bc0000 - 0x0000000064bcf000 	C:\Program Files\Java\jre1.8.0_40\bin\verify.dll
0x0000000061350000 - 0x0000000061379000 	C:\Program Files\Java\jre1.8.0_40\bin\java.dll
0x0000000061330000 - 0x0000000061346000 	C:\Program Files\Java\jre1.8.0_40\bin\zip.dll
0x000007fef7ad0000 - 0x000007fef7bf5000 	C:\Windows\system32\dbghelp.dll

VM Arguments:
jvm_args: -Dfile.encoding=Cp1252 -Xbootclasspath:D:\Soft\Adt bundle  20 gb\sdk\platforms\android-21\android.jar 
java_command: com.socioboard.twtboardpro.util.App
java_class_path (initial): D:\projects\TwtBoardWorkspaceGsir\Twtboardpro\bin\classes;D:\projects\TwtBoardWorkspaceGsir\Twtboardpro\kit-libs\io-fabric-sdk-android_fabric\libs\io-fabric-sdk-android_fabric-classes.jar;D:\projects\TwtBoardWorkspaceGsir\Twtboardpro\kit-libs\com-twitter-sdk-android_tweet-composer\libs\com-twitter-sdk-android_tweet-composer-classes.jar;D:\projects\TwtBoardWorkspaceGsir\Twtboardpro\kit-libs\com-twitter-sdk-android_tweet-ui\libs\com-twitter-sdk-android_tweet-ui-classes.jar;D:\projects\TwtBoardWorkspaceGsir\appcompat_v7\libs\android-support-v4.jar;D:\projects\TwtBoardWorkspaceGsir\Twtboardpro\kit-libs\com-twitter-cobalt_performance-metrics\libs\com-twitter-cobalt_performance-metrics-classes.jar;D:\projects\TwtBoardWorkspaceGsir\Twtboardpro\kit-libs\com-twitter-sdk-android_twitter-core\libs\com-twitter-sdk-android_twitter-core-classes.jar;D:\projects\TwtBoardWorkspaceGsir\Twtboardpro\kit-libs\com-twitter-sdk-android_twitter\libs\com-twitter-sdk-android_twitter-classes.jar;D:\projects\TwtBoardWorkspaceGsir\Twtboardpro\kit-libs\com-twitter-sdk-android_twitter-core\libs\com-google-code-gson_gson.jar;D:\projects\TwtBoardWorkspaceGsir\Twtboardpro\kit-libs\com-twitter-sdk-android_tweet-ui\libs\com-squareup-picasso_picasso.jar;D:\projects\TwtBoardWorkspaceGsir\appcompat_v7\libs\android-support-v7-appcompat.jar;D:\projects\TwtBoardWorkspaceGsir\Twtboardpro\kit-libs\com-twitter-sdk-android_twitter-core\libs\com-squareup-retrofit_retrofit.jar;D:\projects\TwtBoardWorkspaceGsir\Twtboardpro\kit-libs\com-digits-sdk-android_digits\libs\com-digits-sdk-android_digits-classes.jar;D:\projects\TwtBoardWorkspaceGsir\Twtboardpro\kit-libs\com-twitter-sdk-android_twitter\bin\com-twitter-sdk-android_twitter.jar;D:\projects\TwtBoardWorkspaceGsir\Twtboardpro\kit-libs\com-digits-sdk-android_digits\bin\com-digits-sdk-android_digits.jar;D:\projects\TwtBoardWorkspaceGsir\Twtboardpro\kit-libs\com-twitter-sdk-android_tweet-ui\bin\com-twitter-sdk-android_tweet-ui.jar;D:\proj
Launcher Type: SUN_STANDARD

Environment Variables:
PATH=C:/Program Files/Java/jre1.8.0_40/bin/server;C:/Program Files/Java/jre1.8.0_40/bin;C:/Program Files/Java/jre1.8.0_40/lib/amd64;C:\ProgramData\Oracle\Java\javapath;C:\Program Files (x86)\Intel\iCLS Client\;C:\Program Files\Intel\iCLS Client\;C:\Windows\system32;C:\Windows;C:\Windows\System32\Wbem;C:\Windows\System32\WindowsPowerShell\v1.0\;C:\Program Files\Intel\Intel(R) Management Engine Components\DAL;C:\Program Files\Intel\Intel(R) Management Engine Components\IPT;C:\Program Files (x86)\Intel\Intel(R) Management Engine Components\DAL;C:\Program Files (x86)\Intel\Intel(R) Management Engine Components\IPT;C:\Program Files (x86)\Skype\Phone\;C:\Program Files\TortoiseSVN\bin;D:\eclipseGSir\eclipse-jee-luna-RC3-win32-x86_64\eclipse;
USERNAME=GFLB-258
OS=Windows_NT
PROCESSOR_IDENTIFIER=Intel64 Family 6 Model 58 Stepping 9, GenuineIntel



---------------  S Y S T E M  ---------------

OS: Windows 7 , 64 bit Build 7600 (6.1.7600.16385)

CPU:total 4 (2 cores per cpu, 2 threads per core) family 6 model 58 stepping 9, cmov, cx8, fxsr, mmx, sse, sse2, sse3, ssse3, sse4.1, sse4.2, popcnt, clmul, erms, ht, tsc, tscinvbit, tscinv

Memory: 4k page, physical 4070264k(1180716k free), swap 8138608k(4247960k free)

vm_info: Java HotSpot(TM) 64-Bit Server VM (25.40-b25) for windows-amd64 JRE (1.8.0_40-b26), built on Mar  7 2015 13:51:59 by "java_re" with MS VC++ 10.0 (VS2010)

time: Sat Apr 25 15:40:53 2015
elapsed time: 0 seconds (0d 0h 0m 0s)

